<?xml version="1.0" encoding="UTF-8"?>
<testsuite xmlns:xsi="http://www.w3.org/2001/XMLSchema-instance" xsi:noNamespaceSchemaLocation="https://maven.apache.org/surefire/maven-surefire-plugin/xsd/surefire-test-report-3.0.xsd" version="3.0" name="com.pasteleria.config.SecurityContextTest" time="4.25" tests="1" errors="0" skipped="0" failures="0">
  <properties>
[...]
</properties>
  <testcase name="beansArePresent" classname="com.pasteleria.config.SecurityContextTest" time="0.011">
    <system-out><![CDATA[03:50:49.490 [main] INFO org.springframework.test.context.support.AnnotationConfigContextLoaderUtils -- Could not detect default configuration classes for test class [com.pasteleria.config.SecurityContextTest]: SecurityContextTest does not declare any static, non-private, non-final, nested classes annotated with @Configuration.
03:50:49.597 [main] INFO org.springframework.boot.test.context.SpringBootTestContextBootstrapper -- Found @SpringBootConfiguration com.pasteleria.BackendPasteleria for test class com.pasteleria.config.SecurityContextTest

  .   ____          _            __ _ _
 /\\ / ___'_ __ _ _(_)_ __  __ _ \ \ \ \
( ( )\___ | '_ | '_| | '_ \/ _` | \ \ \ \
 \\/  ___)| |_)| | | | | || (_| |  ) ) ) )
  '  |____| .__|_| |_|_| |_\__, | / / / /
 =========|_|==============|___/=/_/_/_/

 :: Spring Boot ::                (v3.3.5)

2025-12-02T03:50:50.011Z  INFO 4011 --- [           main] c.pasteleria.config.SecurityContextTest  : Starting SecurityContextTest using Java 17.0.17 with PID 4011 (started by runner in /home/runner/work/Backend-Pasteleria/Backend-Pasteleria)
2025-12-02T03:50:50.013Z  INFO 4011 --- [           main] c.pasteleria.config.SecurityContextTest  : The following 1 profile is active: "dev"
2025-12-02T03:50:50.552Z  INFO 4011 --- [           main] .s.d.r.c.RepositoryConfigurationDelegate : Bootstrapping Spring Data JPA repositories in DEFAULT mode.
2025-12-02T03:50:50.601Z  INFO 4011 --- [           main] .s.d.r.c.RepositoryConfigurationDelegate : Finished Spring Data repository scanning in 44 ms. Found 6 JPA repository interfaces.
2025-12-02T03:50:51.018Z  INFO 4011 --- [           main] o.hibernate.jpa.internal.util.LogHelper  : HHH000204: Processing PersistenceUnitInfo [name: default]
2025-12-02T03:50:51.060Z  INFO 4011 --- [           main] org.hibernate.Version                    : HHH000412: Hibernate ORM core version 6.5.3.Final
2025-12-02T03:50:51.090Z  INFO 4011 --- [           main] o.h.c.internal.RegionFactoryInitiator    : HHH000026: Second-level cache disabled
2025-12-02T03:50:51.206Z  INFO 4011 --- [           main] o.s.o.j.p.SpringPersistenceUnitInfo      : No LoadTimeWeaver setup: ignoring JPA class transformer
2025-12-02T03:50:51.234Z  INFO 4011 --- [           main] com.zaxxer.hikari.HikariDataSource       : HikariPool-1 - Starting...
2025-12-02T03:50:51.400Z  INFO 4011 --- [           main] com.zaxxer.hikari.pool.HikariPool        : HikariPool-1 - Added connection conn0: url=jdbc:h2:mem:testdb user=SA
2025-12-02T03:50:51.401Z  INFO 4011 --- [           main] com.zaxxer.hikari.HikariDataSource       : HikariPool-1 - Start completed.
2025-12-02T03:50:51.423Z  WARN 4011 --- [           main] org.hibernate.orm.deprecation            : HHH90000025: H2Dialect does not need to be specified explicitly using 'hibernate.dialect' (remove the property setting and it will be selected by default)
2025-12-02T03:50:52.172Z  INFO 4011 --- [           main] o.h.e.t.j.p.i.JtaPlatformInitiator       : HHH000489: No JTA platform available (set 'hibernate.transaction.jta.platform' to enable JTA platform integration)
2025-12-02T03:50:52.226Z  INFO 4011 --- [           main] j.LocalContainerEntityManagerFactoryBean : Initialized JPA EntityManagerFactory for persistence unit 'default'
2025-12-02T03:50:52.629Z  INFO 4011 --- [           main] r$InitializeUserDetailsManagerConfigurer : Global AuthenticationManager configured with UserDetailsService bean with name usuarioService
2025-12-02T03:50:53.089Z  INFO 4011 --- [           main] c.pasteleria.config.SecurityContextTest  : Started SecurityContextTest in 3.357 seconds (process running for 5.516)
🚀 Iniciando carga de datos...
🎂 ID Swagger: 1 | Torta Cuadrada de Chocolate
🎂 ID Swagger: 2 | Torta Cuadrada de Frutas
🎂 ID Swagger: 3 | Torta Circular de Vainilla
🎂 ID Swagger: 4 | Torta Circular de Manjar
🎂 ID Swagger: 5 | Mousse de Chocolate
🎂 ID Swagger: 6 | Tiramisú Clásico
🎂 ID Swagger: 7 | Torta Sin Azúcar de Naranja
🎂 ID Swagger: 8 | Cheesecake Sin Azúcar
🎂 ID Swagger: 9 | Empanada de Manzana
🎂 ID Swagger: 10 | Tarta de Santiago
🎂 ID Swagger: 11 | Brownie Sin Gluten
🎂 ID Swagger: 12 | Pan Sin Gluten
🎂 ID Swagger: 13 | Torta Vegana de Chocolate
🎂 ID Swagger: 14 | Galletas Veganas de Avena
🎂 ID Swagger: 15 | Torta Especial de Cumpleaños
🎂 ID Swagger: 16 | Torta Especial de Boda
✅ Datos cargados. Revisa los IDs arriba para usar en Swagger.
🔐 Usuario admin creado: usuario='admin@pasteleria.com' password='admin123'
]]></system-out>
  </testcase>
</testsuite>